#
# A fatal error has been detected by the Java Runtime Environment:
#
#  EXCEPTION_ACCESS_VIOLATION (0xc0000005) at pc=0x00007ffb00a134f6, pid=1936, tid=11924
#
# JRE version: Java(TM) SE Runtime Environment (16.0.2+7) (build 16.0.2+7-67)
# Java VM: Java HotSpot(TM) 64-Bit Server VM (16.0.2+7-67, mixed mode, sharing, tiered, compressed oops, compressed class ptrs, g1 gc, windows-amd64)
# Problematic frame:
# C  [ntdll.dll+0x634f6]
#
# No core dump will be written. Minidumps are not enabled by default on client versions of Windows
#
# If you would like to submit a bug report, please visit:
#   https://bugreport.java.com/bugreport/crash.jsp
# The crash happened outside the Java Virtual Machine in native code.
# See problematic frame for where to report the bug.
#

---------------  S U M M A R Y ------------

Command Line: -javaagent:C:\Program Files\JetBrains\IntelliJ IDEA Community Edition 2023.2.4\lib\idea_rt.jar=56417:C:\Program Files\JetBrains\IntelliJ IDEA Community Edition 2023.2.4\bin -Dfile.encoding=UTF-8 fsteel.main.Main

Host: Intel(R) Core(TM) i9-9900K CPU @ 3.60GHz, 16 cores, 15G,  Windows 10 , 64 bit Build 19041 (10.0.19041.3636)
Time: Tue Apr  2 21:49:49 2024 Mitteleuropäische Sommerzeit elapsed time: 3.810459 seconds (0d 0h 0m 3s)

---------------  T H R E A D  ---------------

Current thread (0x000002b4b2ae3c70):  JavaThread "Thread-0" [_thread_in_native, id=11924, stack(0x000000ef07900000,0x000000ef07a00000)]

Stack: [0x000000ef07900000,0x000000ef07a00000],  sp=0x000000ef079fe540,  free space=1017k
Native frames: (J=compiled Java code, j=interpreted, Vv=VM code, C=native code)
C  [ntdll.dll+0x634f6]
C  [ntdll.dll+0x2fcb4]
C  [ntdll.dll+0x2fae2]
C  0x00007ffabd62fb4c

Java frames: (J=compiled Java code, j=interpreted, Vv=VM code)
j  sun.java2d.d3d.D3DSurfaceData.initOps(III)V+0 java.desktop@16.0.2
j  sun.java2d.d3d.D3DSurfaceData.<init>(Lsun/awt/windows/WComponentPeer;Lsun/java2d/d3d/D3DGraphicsConfig;IILjava/awt/Image;Ljava/awt/image/ColorModel;IILsun/java2d/pipe/hw/ExtendedBufferCapabilities$VSyncType;I)V+212 java.desktop@16.0.2
j  sun.java2d.d3d.D3DSurfaceData.createData(Lsun/awt/windows/WComponentPeer;Ljava/awt/Image;)Lsun/java2d/d3d/D3DSurfaceData;+117 java.desktop@16.0.2
j  sun.java2d.d3d.D3DVolatileSurfaceManager.initAcceleratedSurface()Lsun/java2d/SurfaceData;+68 java.desktop@16.0.2
j  sun.java2d.d3d.D3DVolatileSurfaceManager.restoreAcceleratedSurface()V+49 java.desktop@16.0.2
j  sun.awt.image.VolatileSurfaceManager.validate(Ljava/awt/GraphicsConfiguration;)I+94 java.desktop@16.0.2
j  sun.awt.image.SunVolatileImage.validate(Ljava/awt/GraphicsConfiguration;)I+5 java.desktop@16.0.2
j  java.awt.Component$FlipBufferStrategy.revalidate()V+85 java.desktop@16.0.2
j  java.awt.Component$FlipBufferStrategy.getDrawGraphics()Ljava/awt/Graphics;+1 java.desktop@16.0.2
j  fsteel.window.GamePane.renderAll()Z+6
j  fsteel.gameclock.GameRenderingProcess.onTick(F)V+4
j  fsteel.gameclock.GameClockProcess.externalProcess()V+44
j  fsteel.gameclock.AbstractGameProcess$1.run()V+4
j  java.lang.Thread.run()V+11 java.base@16.0.2
v  ~StubRoutines::call_stub

siginfo: EXCEPTION_ACCESS_VIOLATION (0xc0000005), writing address 0x0000000000000024


Register to memory mapping:

RIP=0x00007ffb00a134f6 ntdll.dll
RAX=0x0 is NULL
RBX=0x000002b4b2b06d28 points into unknown readable memory: 0x0000000000000000 | 00 00 00 00 00 00 00 00
RCX=0x000002b4b2b06d28 points into unknown readable memory: 0x0000000000000000 | 00 00 00 00 00 00 00 00
RDX=0x00000000fffffffa is an unknown value
RSP=0x000000ef079fe540 is pointing into the stack for thread: 0x000002b4b2ae3c70
RBP=0x0000000000010000 is an unknown value
RSI=0x0 is NULL
RDI=0x0 is NULL
R8 =0x0 is NULL
R9 =0x000002b4b2b06d00 points into unknown readable memory: 0x000002b4b2fe6f90 | 90 6f fe b2 b4 02 00 00
R10=0x000002b4b2ff0b60 points into unknown readable memory: 0x0000001e00000003 | 03 00 00 00 1e 00 00 00
R11=0x000002b4b30e1f60 points into unknown readable memory: 0x00007ffabdbe33e0 | e0 33 be bd fa 7f 00 00
R12=0x0 is NULL
R13=0x000000ef057e5000 points into unknown readable memory: 0x0000000000000000 | 00 00 00 00 00 00 00 00
R14=0x0000000000000001 is an unknown value
R15=0x0 is NULL


Registers:
RAX=0x0000000000000000, RBX=0x000002b4b2b06d28, RCX=0x000002b4b2b06d28, RDX=0x00000000fffffffa
RSP=0x000000ef079fe540, RBP=0x0000000000010000, RSI=0x0000000000000000, RDI=0x0000000000000000
R8 =0x0000000000000000, R9 =0x000002b4b2b06d00, R10=0x000002b4b2ff0b60, R11=0x000002b4b30e1f60
R12=0x0000000000000000, R13=0x000000ef057e5000, R14=0x0000000000000001, R15=0x0000000000000000
RIP=0x00007ffb00a134f6, EFLAGS=0x0000000000010213

Top of Stack: (sp=0x000000ef079fe540)
0x000000ef079fe540:   ffffffffffffffff 000002b4b2b06d28
0x000000ef079fe550:   000000ef079fe840 00000000000001d1
0x000000ef079fe560:   000000ef079fe648 000000ef079fe518
0x000000ef079fe570:   000000ef079fe559 0000000800000005
0x000000ef079fe580:   000002b4b1e44700 00000000fffffffa
0x000000ef079fe590:   000000ef057e5000 000000000000000e
0x000000ef079fe5a0:   000002b4b2ae3c70 0000000000000000
0x000000ef079fe5b0:   000002b4b21975c0 0000000000000000
0x000000ef079fe5c0:   00007ffa9d329308 00007ffa9ce0797c
0x000000ef079fe5d0:   00005a533a0ef7d1 000000ef079fe6c8
0x000000ef079fe5e0:   000002b4b2ae3c00 0000000000000001
0x000000ef079fe5f0:   0000000000000001 0000000000000001
0x000000ef079fe600:   0000000000000000 000002b4b2b06d28
0x000000ef079fe610:   0000000000010000 00007ffb009dfcb4
0x000000ef079fe620:   00000000079fdfe0 000002b4b2ae3c70
0x000000ef079fe630:   00000000fffffffa 0000000000000000 

Instructions: (pc=0x00007ffb00a134f6)
0x00007ffb00a133f6:   20 e9 ed fe ff ff 48 89 41 18 e9 e4 fe ff ff cc
0x00007ffb00a13406:   cc cc cc cc cc cc cc cc cc cc 80 3d f1 90 10 00
0x00007ffb00a13416:   00 0f 95 c0 c3 cc cc cc cc cc cc cc cc cc cc cc
0x00007ffb00a13426:   cc cc cc cc cc cc cc cc cc cc 48 83 ec 38 8b 05
0x00007ffb00a13436:   f2 76 10 00 89 44 24 20 e8 41 02 00 00 48 83 c4
0x00007ffb00a13446:   38 c3 cc cc cc cc cc cc cc cc 48 89 5c 24 18 55
0x00007ffb00a13456:   56 57 41 54 41 55 41 56 41 57 48 81 ec a0 00 00
0x00007ffb00a13466:   00 48 8b 05 a2 10 12 00 48 33 c4 48 89 84 24 90
0x00007ffb00a13476:   00 00 00 65 4c 8b 2c 25 30 00 00 00 48 8d 05 3f
0x00007ffb00a13486:   31 10 00 40 32 ed 89 54 24 48 33 f6 40 88 6c 24
0x00007ffb00a13496:   40 4c 89 6c 24 50 48 8b d9 44 8b e6 48 3b c8 0f
0x00007ffb00a134a6:   84 39 01 00 00 40 38 35 56 90 10 00 0f 85 a8 01
0x00007ffb00a134b6:   00 00 39 35 6a 90 10 00 0f 85 6a 01 00 00 40 38
0x00007ffb00a134c6:   35 2d 8b 10 00 48 8d 3d 2e 8b 10 00 48 0f 45 fe
0x00007ffb00a134d6:   48 39 73 18 0f 84 d2 00 00 00 48 8b 03 48 83 f8
0x00007ffb00a134e6:   ff 0f 84 d2 00 00 00 44 8b fe 48 83 f8 ff 74 03
0x00007ffb00a134f6:   ff 40 24 4c 8b 73 18 4c 8d 2d c4 30 10 00 bd 22
0x00007ffb00a13506:   17 00 00 e8 42 13 fc ff 85 c0 0f 85 f6 b3 05 00
0x00007ffb00a13516:   b9 82 03 fe 7f 80 39 00 0f 85 04 b4 05 00 49 83
0x00007ffb00a13526:   fe ff 0f 85 92 b4 05 00 4c 8b cf c7 44 24 20 00
0x00007ffb00a13536:   00 00 00 41 b8 04 00 00 00 48 8d 54 24 48 48 8d
0x00007ffb00a13546:   4b 08 e8 37 01 00 00 3d 02 01 00 00 0f 84 7b b4
0x00007ffb00a13556:   05 00 8b 4b 08 89 4c 24 48 f6 c1 02 75 ca 3d 02
0x00007ffb00a13566:   01 00 00 0f 84 64 b4 05 00 0f b6 6c 24 40 4c 8b
0x00007ffb00a13576:   6c 24 50 85 c0 0f 88 b0 b5 05 00 40 84 ed 75 73
0x00007ffb00a13586:   48 8b 8c 24 90 00 00 00 48 33 cc e8 3a 8f 02 00
0x00007ffb00a13596:   48 8b 9c 24 f0 00 00 00 48 81 c4 a0 00 00 00 41
0x00007ffb00a135a6:   5f 41 5e 41 5d 41 5c 5f 5e 5d c3 cc 48 8b cb e8
0x00007ffb00a135b6:   56 05 00 00 e9 21 ff ff ff 8b 4b 20 48 c7 c0 ff
0x00007ffb00a135c6:   ff ff ff 48 0f ba e1 18 0f 82 19 ff ff ff 48 8b
0x00007ffb00a135d6:   cb e8 64 e2 fa ff 48 8b 03 e9 09 ff ff ff c6 44
0x00007ffb00a135e6:   24 40 01 41 c7 85 60 17 00 00 01 00 00 00 e9 b2 


Stack slot to memory mapping:
stack at sp + 0 slots: 0xffffffffffffffff is an unknown value
stack at sp + 1 slots: 0x000002b4b2b06d28 points into unknown readable memory: 0x0000000000000000 | 00 00 00 00 00 00 00 00
stack at sp + 2 slots: 0x000000ef079fe840 is pointing into the stack for thread: 0x000002b4b2ae3c70
stack at sp + 3 slots: 0x00000000000001d1 is an unknown value
stack at sp + 4 slots: 0x000000ef079fe648 is pointing into the stack for thread: 0x000002b4b2ae3c70
stack at sp + 5 slots: 0x000000ef079fe518 is pointing into the stack for thread: 0x000002b4b2ae3c70
stack at sp + 6 slots: 0x000000ef079fe559 is pointing into the stack for thread: 0x000002b4b2ae3c70
stack at sp + 7 slots: 0x0000000800000005 is pointing into metadata


---------------  P R O C E S S  ---------------

Threads class SMR info:
_java_thread_list=0x000002b4b31557f0, length=21, elements={
0x000002b4b1b08100, 0x000002b4b1b08ed0, 0x000002b4b1b1a9b0, 0x000002b4b1b1b4c0,
0x000002b4b1b1dde0, 0x000002b4b1b1e6f0, 0x000002b4b1b1f330, 0x000002b4b1b23230,
0x000002b4b1b27f90, 0x000002b4b2637a50, 0x000002b4b263edc0, 0x000002b4b263f7e0,
0x000002b4b2701f80, 0x000002b4b27077f0, 0x000002b4b2ac64e0, 0x000002b4b2ad2e00,
0x000002b4b2ae3720, 0x000002b4b2ae3c70, 0x000002b4b2ae2c80, 0x000002b4b2ae41c0,
0x000002b4b2ae61a0
}

Java Threads: ( => current thread )
  0x000002b4b1b08100 JavaThread "Reference Handler" daemon [_thread_blocked, id=2156, stack(0x000000ef06300000,0x000000ef06400000)]
  0x000002b4b1b08ed0 JavaThread "Finalizer" daemon [_thread_blocked, id=7596, stack(0x000000ef06400000,0x000000ef06500000)]
  0x000002b4b1b1a9b0 JavaThread "Signal Dispatcher" daemon [_thread_blocked, id=4340, stack(0x000000ef06500000,0x000000ef06600000)]
  0x000002b4b1b1b4c0 JavaThread "Attach Listener" daemon [_thread_blocked, id=4624, stack(0x000000ef06600000,0x000000ef06700000)]
  0x000002b4b1b1dde0 JavaThread "Service Thread" daemon [_thread_blocked, id=7740, stack(0x000000ef06700000,0x000000ef06800000)]
  0x000002b4b1b1e6f0 JavaThread "Monitor Deflation Thread" daemon [_thread_blocked, id=1396, stack(0x000000ef06800000,0x000000ef06900000)]
  0x000002b4b1b1f330 JavaThread "C2 CompilerThread0" daemon [_thread_blocked, id=12684, stack(0x000000ef06900000,0x000000ef06a00000)]
  0x000002b4b1b23230 JavaThread "C1 CompilerThread0" daemon [_thread_blocked, id=10792, stack(0x000000ef06a00000,0x000000ef06b00000)]
  0x000002b4b1b27f90 JavaThread "Sweeper thread" daemon [_thread_blocked, id=592, stack(0x000000ef06b00000,0x000000ef06c00000)]
  0x000002b4b2637a50 JavaThread "Common-Cleaner" daemon [_thread_blocked, id=11152, stack(0x000000ef06c00000,0x000000ef06d00000)]
  0x000002b4b263edc0 JavaThread "C1 CompilerThread1" daemon [_thread_blocked, id=12380, stack(0x000000ef06d00000,0x000000ef06e00000)]
  0x000002b4b263f7e0 JavaThread "C1 CompilerThread2" daemon [_thread_blocked, id=1976, stack(0x000000ef06e00000,0x000000ef06f00000)]
  0x000002b4b2701f80 JavaThread "Monitor Ctrl-Break" daemon [_thread_in_native, id=5004, stack(0x000000ef07100000,0x000000ef07200000)]
  0x000002b4b27077f0 JavaThread "Notification Thread" daemon [_thread_blocked, id=7900, stack(0x000000ef07200000,0x000000ef07300000)]
  0x000002b4b2ac64e0 JavaThread "Java2D Disposer" daemon [_thread_blocked, id=13640, stack(0x000000ef07400000,0x000000ef07500000)]
  0x000002b4b2ad2e00 JavaThread "AWT-Shutdown" [_thread_blocked, id=13996, stack(0x000000ef07500000,0x000000ef07600000)]
  0x000002b4b2ae3720 JavaThread "AWT-EventQueue-0" [_thread_blocked, id=9812, stack(0x000000ef07000000,0x000000ef07100000)]
=>0x000002b4b2ae3c70 JavaThread "Thread-0" [_thread_in_native, id=11924, stack(0x000000ef07900000,0x000000ef07a00000)]
  0x000002b4b2ae2c80 JavaThread "Thread-1" [_thread_blocked, id=10016, stack(0x000000ef07a00000,0x000000ef07b00000)]
  0x000002b4b2ae41c0 JavaThread "DestroyJavaVM" [_thread_blocked, id=12192, stack(0x000000ef05c00000,0x000000ef05d00000)]
  0x000002b4b2ae61a0 JavaThread "ToolkitShutdown" daemon [_thread_in_native, id=5040, stack(0x000000ef06f00000,0x000000ef07000000)]

Other Threads:
  0x000002b4b1b035a0 VMThread "VM Thread" [stack: 0x000000ef06200000,0x000000ef06300000] [id=8568]
  0x000002b4b27024a0 WatcherThread [stack: 0x000000ef07300000,0x000000ef07400000] [id=13204]
  0x000002b48e431300 GCTaskThread "GC Thread#0" [stack: 0x000000ef05d00000,0x000000ef05e00000] [id=12008]
  0x000002b4b3037e90 GCTaskThread "GC Thread#1" [stack: 0x000000ef07c00000,0x000000ef07d00000] [id=9064]
  0x000002b4b3036610 GCTaskThread "GC Thread#2" [stack: 0x000000ef07d00000,0x000000ef07e00000] [id=13160]
  0x000002b4b30381a0 GCTaskThread "GC Thread#3" [stack: 0x000000ef07e00000,0x000000ef07f00000] [id=13564]
  0x000002b4b3036300 GCTaskThread "GC Thread#4" [stack: 0x000000ef07f00000,0x000000ef08000000] [id=15236]
  0x000002b4b3037870 GCTaskThread "GC Thread#5" [stack: 0x000000ef08000000,0x000000ef08100000] [id=15492]
  0x000002b4b3036f40 GCTaskThread "GC Thread#6" [stack: 0x000000ef08100000,0x000000ef08200000] [id=15636]
  0x000002b4b30359d0 GCTaskThread "GC Thread#7" [stack: 0x000000ef08200000,0x000000ef08300000] [id=15616]
  0x000002b4b30384b0 GCTaskThread "GC Thread#8" [stack: 0x000000ef08300000,0x000000ef08400000] [id=8392]
  0x000002b4b30390f0 GCTaskThread "GC Thread#9" [stack: 0x000000ef08400000,0x000000ef08500000] [id=13528]
  0x000002b4b3035ce0 GCTaskThread "GC Thread#10" [stack: 0x000000ef08500000,0x000000ef08600000] [id=7000]
  0x000002b4b3035ff0 GCTaskThread "GC Thread#11" [stack: 0x000000ef08600000,0x000000ef08700000] [id=15564]
  0x000002b48e443560 ConcurrentGCThread "G1 Main Marker" [stack: 0x000000ef05e00000,0x000000ef05f00000] [id=1288]
  0x000002b48e444ef0 ConcurrentGCThread "G1 Conc#0" [stack: 0x000000ef05f00000,0x000000ef06000000] [id=12308]
  0x000002b4b19c40e0 ConcurrentGCThread "G1 Refine#0" [stack: 0x000000ef06000000,0x000000ef06100000] [id=11340]
  0x000002b4b19c4970 ConcurrentGCThread "G1 Service" [stack: 0x000000ef06100000,0x000000ef06200000] [id=12988]

Threads with active compile tasks:

VM state: not at safepoint (normal execution)

VM Mutex/Monitor currently owned by a thread: None

Heap address: 0x0000000701000000, size: 4080 MB, Compressed Oops mode: Zero based, Oop shift amount: 3

CDS archive(s) mapped at: [0x0000000800000000-0x0000000800bb0000-0x0000000800bb0000), size 12255232, SharedBaseAddress: 0x0000000800000000, ArchiveRelocationMode: 0.
Compressed class space mapped at: 0x0000000800c00000-0x0000000840c00000, reserved size: 1073741824
Narrow klass base: 0x0000000800000000, Narrow klass shift: 3, Narrow klass range: 0x100000000

GC Precious Log:
 CPUs: 16 total, 16 available
 Memory: 16318M
 Large Page Support: Disabled
 NUMA Support: Disabled
 Compressed Oops: Enabled (Zero based)
 Heap Region Size: 2M
 Heap Min Capacity: 8M
 Heap Initial Capacity: 256M
 Heap Max Capacity: 4080M
 Pre-touch: Disabled
 Parallel Workers: 13
 Concurrent Workers: 3
 Concurrent Refinement Workers: 13
 Periodic GC: Disabled

Heap:
 garbage-first heap   total 262144K, used 145708K [0x0000000701000000, 0x0000000800000000)
  region size 2048K, 27 young (55296K), 2 survivors (4096K)
 Metaspace       used 7327K, committed 7552K, reserved 1056768K
  class space    used 744K, committed 832K, reserved 1048576K

Heap Regions: E=young(eden), S=young(survivor), O=old, HS=humongous(starts), HC=humongous(continues), CS=collection set, F=free, OA=open archive, CA=closed archive, TAMS=top-at-mark-start (previous, next)
|   0|0x0000000701000000, 0x0000000701200000, 0x0000000701200000|100%|HS|  |TAMS 0x0000000701000000, 0x0000000701200000| Complete 
|   1|0x0000000701200000, 0x0000000701400000, 0x0000000701400000|100%|HC|  |TAMS 0x0000000701200000, 0x0000000701400000| Complete 
|   2|0x0000000701400000, 0x0000000701600000, 0x0000000701600000|100%|HC|  |TAMS 0x0000000701400000, 0x0000000701600000| Complete 
|   3|0x0000000701600000, 0x0000000701800000, 0x0000000701800000|100%|HC|  |TAMS 0x0000000701600000, 0x0000000701800000| Complete 
|   4|0x0000000701800000, 0x0000000701a00000, 0x0000000701a00000|100%|HS|  |TAMS 0x0000000701800000, 0x0000000701800000| Complete 
|   5|0x0000000701a00000, 0x0000000701c00000, 0x0000000701c00000|100%|HS|  |TAMS 0x0000000701a00000, 0x0000000701a00000| Complete 
|   6|0x0000000701c00000, 0x0000000701e00000, 0x0000000701e00000|100%|HS|  |TAMS 0x0000000701c00000, 0x0000000701c00000| Complete 
|   7|0x0000000701e00000, 0x0000000702000000, 0x0000000702000000|100%|HS|  |TAMS 0x0000000701e00000, 0x0000000701e00000| Complete 
|   8|0x0000000702000000, 0x0000000702200000, 0x0000000702200000|100%|HS|  |TAMS 0x0000000702000000, 0x0000000702000000| Complete 
|   9|0x0000000702200000, 0x0000000702400000, 0x0000000702400000|100%|HS|  |TAMS 0x0000000702200000, 0x0000000702200000| Complete 
|  10|0x0000000702400000, 0x0000000702600000, 0x0000000702600000|100%|HS|  |TAMS 0x0000000702400000, 0x0000000702400000| Complete 
|  11|0x0000000702600000, 0x0000000702800000, 0x0000000702800000|100%|HS|  |TAMS 0x0000000702600000, 0x0000000702800000| Complete 
|  12|0x0000000702800000, 0x0000000702a00000, 0x0000000702a00000|100%|HS|  |TAMS 0x0000000702800000, 0x0000000702a00000| Complete 
|  13|0x0000000702a00000, 0x0000000702c00000, 0x0000000702c00000|100%|HS|  |TAMS 0x0000000702a00000, 0x0000000702c00000| Complete 
|  14|0x0000000702c00000, 0x0000000702e00000, 0x0000000702e00000|100%|HS|  |TAMS 0x0000000702c00000, 0x0000000702e00000| Complete 
|  15|0x0000000702e00000, 0x0000000703000000, 0x0000000703000000|100%|HS|  |TAMS 0x0000000702e00000, 0x0000000703000000| Complete 
|  16|0x0000000703000000, 0x0000000703200000, 0x0000000703200000|100%|HS|  |TAMS 0x0000000703000000, 0x0000000703200000| Complete 
|  17|0x0000000703200000, 0x0000000703400000, 0x0000000703400000|100%|HS|  |TAMS 0x0000000703200000, 0x0000000703400000| Complete 
|  18|0x0000000703400000, 0x0000000703600000, 0x0000000703600000|100%|HS|  |TAMS 0x0000000703400000, 0x0000000703600000| Complete 
|  19|0x0000000703600000, 0x0000000703800000, 0x0000000703800000|100%|HS|  |TAMS 0x0000000703600000, 0x0000000703800000| Complete 
|  20|0x0000000703800000, 0x0000000703a00000, 0x0000000703a00000|100%|HS|  |TAMS 0x0000000703800000, 0x0000000703a00000| Complete 
|  21|0x0000000703a00000, 0x0000000703c00000, 0x0000000703c00000|100%|HS|  |TAMS 0x0000000703a00000, 0x0000000703c00000| Complete 
|  22|0x0000000703c00000, 0x0000000703e00000, 0x0000000703e00000|100%|HS|  |TAMS 0x0000000703c00000, 0x0000000703e00000| Complete 
|  23|0x0000000703e00000, 0x0000000704000000, 0x0000000704000000|100%|HS|  |TAMS 0x0000000703e00000, 0x0000000704000000| Complete 
|  24|0x0000000704000000, 0x0000000704200000, 0x0000000704200000|100%|HS|  |TAMS 0x0000000704000000, 0x0000000704200000| Complete 
|  25|0x0000000704200000, 0x0000000704400000, 0x0000000704400000|100%|HS|  |TAMS 0x0000000704200000, 0x0000000704400000| Complete 
|  26|0x0000000704400000, 0x0000000704600000, 0x0000000704600000|100%|HS|  |TAMS 0x0000000704400000, 0x0000000704600000| Complete 
|  27|0x0000000704600000, 0x0000000704800000, 0x0000000704800000|100%|HS|  |TAMS 0x0000000704600000, 0x0000000704800000| Complete 
|  28|0x0000000704800000, 0x0000000704a00000, 0x0000000704a00000|100%|HS|  |TAMS 0x0000000704800000, 0x0000000704a00000| Complete 
|  29|0x0000000704a00000, 0x0000000704c00000, 0x0000000704c00000|100%|HS|  |TAMS 0x0000000704a00000, 0x0000000704a00000| Complete 
|  30|0x0000000704c00000, 0x0000000704e00000, 0x0000000704e00000|100%|HS|  |TAMS 0x0000000704c00000, 0x0000000704c00000| Complete 
|  31|0x0000000704e00000, 0x0000000705000000, 0x0000000705000000|100%|HS|  |TAMS 0x0000000704e00000, 0x0000000704e00000| Complete 
|  32|0x0000000705000000, 0x0000000705200000, 0x0000000705200000|100%|HS|  |TAMS 0x0000000705000000, 0x0000000705000000| Complete 
|  33|0x0000000705200000, 0x0000000705400000, 0x0000000705400000|100%|HS|  |TAMS 0x0000000705200000, 0x0000000705200000| Complete 
|  34|0x0000000705400000, 0x0000000705600000, 0x0000000705600000|100%|HS|  |TAMS 0x0000000705400000, 0x0000000705400000| Complete 
|  35|0x0000000705600000, 0x0000000705800000, 0x0000000705800000|100%|HS|  |TAMS 0x0000000705600000, 0x0000000705600000| Complete 
|  36|0x0000000705800000, 0x0000000705a00000, 0x0000000705a00000|100%|HS|  |TAMS 0x0000000705800000, 0x0000000705800000| Complete 
|  37|0x0000000705a00000, 0x0000000705c00000, 0x0000000705c00000|100%|HS|  |TAMS 0x0000000705a00000, 0x0000000705a00000| Complete 
|  38|0x0000000705c00000, 0x0000000705e00000, 0x0000000705e00000|100%|HS|  |TAMS 0x0000000705c00000, 0x0000000705c00000| Complete 
|  39|0x0000000705e00000, 0x0000000706000000, 0x0000000706000000|100%|HS|  |TAMS 0x0000000705e00000, 0x0000000705e00000| Complete 
|  40|0x0000000706000000, 0x0000000706200000, 0x0000000706200000|100%|HS|  |TAMS 0x0000000706000000, 0x0000000706000000| Complete 
|  41|0x0000000706200000, 0x0000000706400000, 0x0000000706400000|100%|HS|  |TAMS 0x0000000706200000, 0x0000000706200000| Complete 
|  42|0x0000000706400000, 0x0000000706600000, 0x0000000706600000|100%|HS|  |TAMS 0x0000000706400000, 0x0000000706400000| Complete 
|  43|0x0000000706600000, 0x0000000706800000, 0x0000000706800000|100%|HS|  |TAMS 0x0000000706600000, 0x0000000706600000| Complete 
|  44|0x0000000706800000, 0x0000000706a00000, 0x0000000706a00000|100%|HS|  |TAMS 0x0000000706800000, 0x0000000706800000| Complete 
|  45|0x0000000706a00000, 0x0000000706c00000, 0x0000000706c00000|100%|HS|  |TAMS 0x0000000706a00000, 0x0000000706a00000| Complete 
|  46|0x0000000706c00000, 0x0000000706c00000, 0x0000000706e00000|  0%| F|  |TAMS 0x0000000706c00000, 0x0000000706c00000| Untracked 
|  47|0x0000000706e00000, 0x0000000706e00000, 0x0000000707000000|  0%| F|  |TAMS 0x0000000706e00000, 0x0000000706e00000| Untracked 
|  48|0x0000000707000000, 0x0000000707000000, 0x0000000707200000|  0%| F|  |TAMS 0x0000000707000000, 0x0000000707000000| Untracked 
|  49|0x0000000707200000, 0x0000000707200000, 0x0000000707400000|  0%| F|  |TAMS 0x0000000707200000, 0x0000000707200000| Untracked 
|  50|0x0000000707400000, 0x0000000707400000, 0x0000000707600000|  0%| F|  |TAMS 0x0000000707400000, 0x0000000707400000| Untracked 
|  51|0x0000000707600000, 0x0000000707600000, 0x0000000707800000|  0%| F|  |TAMS 0x0000000707600000, 0x0000000707600000| Untracked 
|  52|0x0000000707800000, 0x0000000707800000, 0x0000000707a00000|  0%| F|  |TAMS 0x0000000707800000, 0x0000000707800000| Untracked 
|  53|0x0000000707a00000, 0x0000000707a00000, 0x0000000707c00000|  0%| F|  |TAMS 0x0000000707a00000, 0x0000000707a00000| Untracked 
|  54|0x0000000707c00000, 0x0000000707c00000, 0x0000000707e00000|  0%| F|  |TAMS 0x0000000707c00000, 0x0000000707c00000| Untracked 
|  55|0x0000000707e00000, 0x0000000707e00000, 0x0000000708000000|  0%| F|  |TAMS 0x0000000707e00000, 0x0000000707e00000| Untracked 
|  56|0x0000000708000000, 0x0000000708000000, 0x0000000708200000|  0%| F|  |TAMS 0x0000000708000000, 0x0000000708000000| Untracked 
|  57|0x0000000708200000, 0x0000000708200000, 0x0000000708400000|  0%| F|  |TAMS 0x0000000708200000, 0x0000000708200000| Untracked 
|  58|0x0000000708400000, 0x0000000708400000, 0x0000000708600000|  0%| F|  |TAMS 0x0000000708400000, 0x0000000708400000| Untracked 
|  59|0x0000000708600000, 0x0000000708600000, 0x0000000708800000|  0%| F|  |TAMS 0x0000000708600000, 0x0000000708600000| Untracked 
|  60|0x0000000708800000, 0x0000000708800000, 0x0000000708a00000|  0%| F|  |TAMS 0x0000000708800000, 0x0000000708800000| Untracked 
|  61|0x0000000708a00000, 0x0000000708a00000, 0x0000000708c00000|  0%| F|  |TAMS 0x0000000708a00000, 0x0000000708a00000| Untracked 
|  62|0x0000000708c00000, 0x0000000708c00000, 0x0000000708e00000|  0%| F|  |TAMS 0x0000000708c00000, 0x0000000708c00000| Untracked 
|  63|0x0000000708e00000, 0x0000000708e00000, 0x0000000709000000|  0%| F|  |TAMS 0x0000000708e00000, 0x0000000708e00000| Untracked 
|  64|0x0000000709000000, 0x0000000709000000, 0x0000000709200000|  0%| F|  |TAMS 0x0000000709000000, 0x0000000709000000| Untracked 
|  65|0x0000000709200000, 0x0000000709200000, 0x0000000709400000|  0%| F|  |TAMS 0x0000000709200000, 0x0000000709200000| Untracked 
|  66|0x0000000709400000, 0x0000000709400000, 0x0000000709600000|  0%| F|  |TAMS 0x0000000709400000, 0x0000000709400000| Untracked 
|  67|0x0000000709600000, 0x0000000709600000, 0x0000000709800000|  0%| F|  |TAMS 0x0000000709600000, 0x0000000709600000| Untracked 
|  68|0x0000000709800000, 0x0000000709800000, 0x0000000709a00000|  0%| F|  |TAMS 0x0000000709800000, 0x0000000709800000| Untracked 
|  69|0x0000000709a00000, 0x0000000709a00000, 0x0000000709c00000|  0%| F|  |TAMS 0x0000000709a00000, 0x0000000709a00000| Untracked 
|  70|0x0000000709c00000, 0x0000000709c00000, 0x0000000709e00000|  0%| F|  |TAMS 0x0000000709c00000, 0x0000000709c00000| Untracked 
|  71|0x0000000709e00000, 0x0000000709e00000, 0x000000070a000000|  0%| F|  |TAMS 0x0000000709e00000, 0x0000000709e00000| Untracked 
|  72|0x000000070a000000, 0x000000070a000000, 0x000000070a200000|  0%| F|  |TAMS 0x000000070a000000, 0x000000070a000000| Untracked 
|  73|0x000000070a200000, 0x000000070a200000, 0x000000070a400000|  0%| F|  |TAMS 0x000000070a200000, 0x000000070a200000| Untracked 
|  74|0x000000070a400000, 0x000000070a400000, 0x000000070a600000|  0%| F|  |TAMS 0x000000070a400000, 0x000000070a400000| Untracked 
|  75|0x000000070a600000, 0x000000070a600000, 0x000000070a800000|  0%| F|  |TAMS 0x000000070a600000, 0x000000070a600000| Untracked 
|  76|0x000000070a800000, 0x000000070a800000, 0x000000070aa00000|  0%| F|  |TAMS 0x000000070a800000, 0x000000070a800000| Untracked 
|  77|0x000000070aa00000, 0x000000070aa00000, 0x000000070ac00000|  0%| F|  |TAMS 0x000000070aa00000, 0x000000070aa00000| Untracked 
|  78|0x000000070ac00000, 0x000000070ac00000, 0x000000070ae00000|  0%| F|  |TAMS 0x000000070ac00000, 0x000000070ac00000| Untracked 
|  79|0x000000070ae00000, 0x000000070ae00000, 0x000000070b000000|  0%| F|  |TAMS 0x000000070ae00000, 0x000000070ae00000| Untracked 
|  80|0x000000070b000000, 0x000000070b000000, 0x000000070b200000|  0%| F|  |TAMS 0x000000070b000000, 0x000000070b000000| Untracked 
|  81|0x000000070b200000, 0x000000070b200000, 0x000000070b400000|  0%| F|  |TAMS 0x000000070b200000, 0x000000070b200000| Untracked 
|  82|0x000000070b400000, 0x000000070b400000, 0x000000070b600000|  0%| F|  |TAMS 0x000000070b400000, 0x000000070b400000| Untracked 
|  83|0x000000070b600000, 0x000000070b600000, 0x000000070b800000|  0%| F|  |TAMS 0x000000070b600000, 0x000000070b600000| Untracked 
|  84|0x000000070b800000, 0x000000070b800000, 0x000000070ba00000|  0%| F|  |TAMS 0x000000070b800000, 0x000000070b800000| Untracked 
|  85|0x000000070ba00000, 0x000000070ba00000, 0x000000070bc00000|  0%| F|  |TAMS 0x000000070ba00000, 0x000000070ba00000| Untracked 
|  86|0x000000070bc00000, 0x000000070bc00000, 0x000000070be00000|  0%| F|  |TAMS 0x000000070bc00000, 0x000000070bc00000| Untracked 
|  87|0x000000070be00000, 0x000000070be00000, 0x000000070c000000|  0%| F|  |TAMS 0x000000070be00000, 0x000000070be00000| Untracked 
|  88|0x000000070c000000, 0x000000070c000000, 0x000000070c200000|  0%| F|  |TAMS 0x000000070c000000, 0x000000070c000000| Untracked 
|  89|0x000000070c200000, 0x000000070c200000, 0x000000070c400000|  0%| F|  |TAMS 0x000000070c200000, 0x000000070c200000| Untracked 
|  90|0x000000070c400000, 0x000000070c400000, 0x000000070c600000|  0%| F|  |TAMS 0x000000070c400000, 0x000000070c400000| Untracked 
|  91|0x000000070c600000, 0x000000070c600000, 0x000000070c800000|  0%| F|  |TAMS 0x000000070c600000, 0x000000070c600000| Untracked 
|  92|0x000000070c800000, 0x000000070c800000, 0x000000070ca00000|  0%| F|  |TAMS 0x000000070c800000, 0x000000070c800000| Untracked 
|  93|0x000000070ca00000, 0x000000070ca00000, 0x000000070cc00000|  0%| F|  |TAMS 0x000000070ca00000, 0x000000070ca00000| Untracked 
|  94|0x000000070cc00000, 0x000000070cc00000, 0x000000070ce00000|  0%| F|  |TAMS 0x000000070cc00000, 0x000000070cc00000| Untracked 
|  95|0x000000070ce00000, 0x000000070ce00000, 0x000000070d000000|  0%| F|  |TAMS 0x000000070ce00000, 0x000000070ce00000| Untracked 
|  96|0x000000070d000000, 0x000000070d000000, 0x000000070d200000|  0%| F|  |TAMS 0x000000070d000000, 0x000000070d000000| Untracked 
|  97|0x000000070d200000, 0x000000070d200000, 0x000000070d400000|  0%| F|  |TAMS 0x000000070d200000, 0x000000070d200000| Untracked 
|  98|0x000000070d400000, 0x000000070d400000, 0x000000070d600000|  0%| F|  |TAMS 0x000000070d400000, 0x000000070d400000| Untracked 
|  99|0x000000070d600000, 0x000000070d600000, 0x000000070d800000|  0%| F|  |TAMS 0x000000070d600000, 0x000000070d600000| Untracked 
| 100|0x000000070d800000, 0x000000070d800000, 0x000000070da00000|  0%| F|  |TAMS 0x000000070d800000, 0x000000070d800000| Untracked 
| 101|0x000000070da00000, 0x000000070db8f068, 0x000000070dc00000| 77%| E|  |TAMS 0x000000070da00000, 0x000000070da00000| Complete 
| 102|0x000000070dc00000, 0x000000070de00000, 0x000000070de00000|100%| E|CS|TAMS 0x000000070dc00000, 0x000000070dc00000| Complete 
| 103|0x000000070de00000, 0x000000070e000000, 0x000000070e000000|100%| E|CS|TAMS 0x000000070de00000, 0x000000070de00000| Complete 
| 104|0x000000070e000000, 0x000000070e200000, 0x000000070e200000|100%| E|CS|TAMS 0x000000070e000000, 0x000000070e000000| Complete 
| 105|0x000000070e200000, 0x000000070e400000, 0x000000070e400000|100%| E|CS|TAMS 0x000000070e200000, 0x000000070e200000| Complete 
| 106|0x000000070e400000, 0x000000070e600000, 0x000000070e600000|100%| E|CS|TAMS 0x000000070e400000, 0x000000070e400000| Complete 
| 107|0x000000070e600000, 0x000000070e800000, 0x000000070e800000|100%| E|CS|TAMS 0x000000070e600000, 0x000000070e600000| Complete 
| 108|0x000000070e800000, 0x000000070e84b010, 0x000000070ea00000| 14%| S|CS|TAMS 0x000000070e800000, 0x000000070e800000| Complete 
| 109|0x000000070ea00000, 0x000000070ec00000, 0x000000070ec00000|100%| S|CS|TAMS 0x000000070ea00000, 0x000000070ea00000| Complete 
| 110|0x000000070ec00000, 0x000000070ee00000, 0x000000070ee00000|100%| E|CS|TAMS 0x000000070ec00000, 0x000000070ec00000| Complete 
| 111|0x000000070ee00000, 0x000000070f000000, 0x000000070f000000|100%| E|CS|TAMS 0x000000070ee00000, 0x000000070ee00000| Complete 
| 112|0x000000070f000000, 0x000000070f200000, 0x000000070f200000|100%| E|CS|TAMS 0x000000070f000000, 0x000000070f000000| Complete 
| 113|0x000000070f200000, 0x000000070f400000, 0x000000070f400000|100%| E|CS|TAMS 0x000000070f200000, 0x000000070f200000| Complete 
| 114|0x000000070f400000, 0x000000070f600000, 0x000000070f600000|100%| E|CS|TAMS 0x000000070f400000, 0x000000070f400000| Complete 
| 115|0x000000070f600000, 0x000000070f800000, 0x000000070f800000|100%| E|CS|TAMS 0x000000070f600000, 0x000000070f600000| Complete 
| 116|0x000000070f800000, 0x000000070fa00000, 0x000000070fa00000|100%| E|CS|TAMS 0x000000070f800000, 0x000000070f800000| Complete 
| 117|0x000000070fa00000, 0x000000070fc00000, 0x000000070fc00000|100%| E|CS|TAMS 0x000000070fa00000, 0x000000070fa00000| Complete 
| 118|0x000000070fc00000, 0x000000070fe00000, 0x000000070fe00000|100%| E|CS|TAMS 0x000000070fc00000, 0x000000070fc00000| Complete 
| 119|0x000000070fe00000, 0x0000000710000000, 0x0000000710000000|100%| E|CS|TAMS 0x000000070fe00000, 0x000000070fe00000| Complete 
| 120|0x0000000710000000, 0x0000000710200000, 0x0000000710200000|100%| E|CS|TAMS 0x0000000710000000, 0x0000000710000000| Complete 
| 121|0x0000000710200000, 0x0000000710400000, 0x0000000710400000|100%| E|CS|TAMS 0x0000000710200000, 0x0000000710200000| Complete 
| 122|0x0000000710400000, 0x0000000710600000, 0x0000000710600000|100%| E|CS|TAMS 0x0000000710400000, 0x0000000710400000| Complete 
| 123|0x0000000710600000, 0x0000000710800000, 0x0000000710800000|100%| E|CS|TAMS 0x0000000710600000, 0x0000000710600000| Complete 
| 124|0x0000000710800000, 0x0000000710a00000, 0x0000000710a00000|100%| E|CS|TAMS 0x0000000710800000, 0x0000000710800000| Complete 
| 125|0x0000000710a00000, 0x0000000710c00000, 0x0000000710c00000|100%| E|CS|TAMS 0x0000000710a00000, 0x0000000710a00000| Complete 
| 126|0x0000000710c00000, 0x0000000710e00000, 0x0000000710e00000|100%| E|CS|TAMS 0x0000000710c00000, 0x0000000710c00000| Complete 
| 127|0x0000000710e00000, 0x0000000711000000, 0x0000000711000000|100%| E|CS|TAMS 0x0000000710e00000, 0x0000000710e00000| Complete 

Card table byte_map: [0x000002b4a5bf0000,0x000002b4a63f0000] _byte_map_base: 0x000002b4a23e8000

Marking Bits (Prev, Next): (CMBitMap*) 0x000002b48e432c90, (CMBitMap*) 0x000002b48e432cd0
 Prev Bits: [0x000002b4a6bf0000, 0x000002b4aabb0000)
 Next Bits: [0x000002b4aabb0000, 0x000002b4aeb70000)

Polling page: 0x000002b48c160000

Metaspace:

Usage:
  Non-class:      6.43 MB used.
      Class:    744.47 KB used.
       Both:      7.16 MB used.

Virtual space:
  Non-class space:        8.00 MB reserved,       6.56 MB ( 82%) committed,  1 nodes.
      Class space:        1.00 GB reserved,     832.00 KB ( <1%) committed,  1 nodes.
              Both:        1.01 GB reserved,       7.38 MB ( <1%) committed. 

Chunk freelists:
   Non-Class:  1015.00 KB
       Class:  3.22 MB
        Both:  4.21 MB

MaxMetaspaceSize: 17179869184.00 GB
CompressedClassSpaceSize: 1.00 GB
 - commit_granule_bytes: 65536.
 - commit_granule_words: 8192.
 - virtual_space_node_default_size: 1048576.
 - enlarge_chunks_in_place: 1.
 - new_chunks_are_fully_committed: 0.
 - uncommit_free_chunks: 1.
 - use_allocation_guard: 0.
 - handle_deallocations: 1.


Internal statistics:

num_allocs_failed_limit: 0.
num_arena_births: 112.
num_arena_deaths: 0.
num_vsnodes_births: 2.
num_vsnodes_deaths: 0.
num_space_committed: 118.
num_space_uncommitted: 0.
num_chunks_returned_to_freelist: 0.
num_chunks_taken_from_freelist: 149.
num_chunk_merges: 0.
num_chunk_splits: 91.
num_chunks_enlarged: 48.
num_purges: 0.

CodeHeap 'non-profiled nmethods': size=119168Kb used=379Kb max_used=379Kb free=118788Kb
 bounds [0x000002b49d700000, 0x000002b49d970000, 0x000002b4a4b60000]
CodeHeap 'profiled nmethods': size=119104Kb used=2119Kb max_used=2119Kb free=116984Kb
 bounds [0x000002b4962b0000, 0x000002b496520000, 0x000002b49d700000]
CodeHeap 'non-nmethods': size=7488Kb used=2391Kb max_used=2973Kb free=5096Kb
 bounds [0x000002b495b60000, 0x000002b495e50000, 0x000002b4962b0000]
 total_blobs=1773 nmethods=1188 adapters=496
 compilation: enabled
              stopped_count=0, restarted_count=0
 full_count=0

Compilation events (20 events):
Event: 3.515 Thread 0x000002b4b263edc0 1180       3       java.awt.image.BufferedImage::coerceData (38 bytes)
Event: 3.516 Thread 0x000002b4b263edc0 nmethod 1180 0x000002b4964b9190 code [0x000002b4964b9340, 0x000002b4964b9648]
Event: 3.516 Thread 0x000002b4b263edc0 1187       3       sun.java2d.pipe.Region::isRectangular (13 bytes)
Event: 3.516 Thread 0x000002b4b1b23230 nmethod 1186 0x000002b4964b9710 code [0x000002b4964b9920, 0x000002b4964ba108]
Event: 3.516 Thread 0x000002b4b263edc0 nmethod 1187 0x000002b4964ba390 code [0x000002b4964ba520, 0x000002b4964ba698]
Event: 3.516 Thread 0x000002b4b1b23230 1181  s    3       sun.awt.image.ToolkitImage::infoDone (40 bytes)
Event: 3.516 Thread 0x000002b4b263edc0 1182       3       sun.java2d.pipe.ValidatePipe::copyImage (29 bytes)
Event: 3.517 Thread 0x000002b4b263edc0 nmethod 1182 0x000002b4964ba710 code [0x000002b4964ba900, 0x000002b4964bae28]
Event: 3.517 Thread 0x000002b4b263edc0 1183       3       sun.java2d.SurfaceData::getSourceSurfaceData (110 bytes)
Event: 3.517 Thread 0x000002b4b1b23230 nmethod 1181 0x000002b4964bb010 code [0x000002b4964bb240, 0x000002b4964bb9e8]
Event: 3.517 Thread 0x000002b4b1b23230 1184       3       java.awt.Rectangle::intersection (180 bytes)
Event: 3.517 Thread 0x000002b4b1b23230 nmethod 1184 0x000002b4964bbc10 code [0x000002b4964bbde0, 0x000002b4964bc2d8]
Event: 3.517 Thread 0x000002b4b1b23230 1185       3       sun.java2d.loops.Blit::getFromCache (93 bytes)
Event: 3.517 Thread 0x000002b4b263f7e0 nmethod 1179 0x000002b4964bc490 code [0x000002b4964bc840, 0x000002b4964be698]
Event: 3.517 Thread 0x000002b4b263edc0 nmethod 1183 0x000002b4964bee90 code [0x000002b4964bf0c0, 0x000002b4964bfc38]
Event: 3.518 Thread 0x000002b4b1b23230 nmethod 1185 0x000002b4964bff90 code [0x000002b4964c0200, 0x000002b4964c09d8]
Event: 3.531 Thread 0x000002b4b263f7e0 1188       3       java.awt.Image::setAccelerationPriority (46 bytes)
Event: 3.531 Thread 0x000002b4b263f7e0 nmethod 1188 0x000002b4964c0d10 code [0x000002b4964c0f00, 0x000002b4964c1418]
Event: 3.549 Thread 0x000002b4b263f7e0 1189   !   3       java.util.concurrent.ConcurrentHashMap::initTable (112 bytes)
Event: 3.549 Thread 0x000002b4b263f7e0 nmethod 1189 0x000002b4964c1590 code [0x000002b4964c1760, 0x000002b4964c1d08]

GC Heap History (16 events):
Event: 0.442 GC heap before
{Heap before GC invocations=0 (full 0):
 garbage-first heap   total 262144K, used 47104K [0x0000000701000000, 0x0000000800000000)
  region size 2048K, 11 young (22528K), 0 survivors (0K)
 Metaspace       used 6682K, committed 6848K, reserved 1056768K
  class space    used 727K, committed 832K, reserved 1048576K
}
Event: 0.445 GC heap after
{Heap after GC invocations=1 (full 0):
 garbage-first heap   total 262144K, used 26340K [0x0000000701000000, 0x0000000800000000)
  region size 2048K, 1 young (2048K), 1 survivors (2048K)
 Metaspace       used 6682K, committed 6848K, reserved 1056768K
  class space    used 727K, committed 832K, reserved 1048576K
}
Event: 0.743 GC heap before
{Heap before GC invocations=1 (full 0):
 garbage-first heap   total 262144K, used 100068K [0x0000000701000000, 0x0000000800000000)
  region size 2048K, 19 young (38912K), 1 survivors (2048K)
 Metaspace       used 6698K, committed 6848K, reserved 1056768K
  class space    used 727K, committed 832K, reserved 1048576K
}
Event: 0.745 GC heap after
{Heap after GC invocations=2 (full 0):
 garbage-first heap   total 262144K, used 48962K [0x0000000701000000, 0x0000000800000000)
  region size 2048K, 1 young (2048K), 1 survivors (2048K)
 Metaspace       used 6698K, committed 6848K, reserved 1056768K
  class space    used 727K, committed 832K, reserved 1048576K
}
Event: 1.331 GC heap before
{Heap before GC invocations=2 (full 0):
 garbage-first heap   total 262144K, used 188226K [0x0000000701000000, 0x0000000800000000)
  region size 2048K, 36 young (73728K), 1 survivors (2048K)
 Metaspace       used 7036K, committed 7232K, reserved 1056768K
  class space    used 744K, committed 832K, reserved 1048576K
}
Event: 1.333 GC heap after
{Heap after GC invocations=3 (full 0):
 garbage-first heap   total 262144K, used 82233K [0x0000000701000000, 0x0000000800000000)
  region size 2048K, 2 young (4096K), 2 survivors (4096K)
 Metaspace       used 7036K, committed 7232K, reserved 1056768K
  class space    used 744K, committed 832K, reserved 1048576K
}
Event: 1.631 GC heap before
{Heap before GC invocations=3 (full 0):
 garbage-first heap   total 262144K, used 153913K [0x0000000701000000, 0x0000000800000000)
  region size 2048K, 20 young (40960K), 2 survivors (4096K)
 Metaspace       used 7043K, committed 7296K, reserved 1056768K
  class space    used 744K, committed 832K, reserved 1048576K
}
Event: 1.633 GC heap after
{Heap after GC invocations=4 (full 0):
 garbage-first heap   total 262144K, used 47401K [0x0000000701000000, 0x0000000800000000)
  region size 2048K, 2 young (4096K), 2 survivors (4096K)
 Metaspace       used 7043K, committed 7296K, reserved 1056768K
  class space    used 744K, committed 832K, reserved 1048576K
}
Event: 2.218 GC heap before
{Heap before GC invocations=4 (full 0):
 garbage-first heap   total 262144K, used 188713K [0x0000000701000000, 0x0000000800000000)
  region size 2048K, 37 young (75776K), 2 survivors (4096K)
 Metaspace       used 7236K, committed 7488K, reserved 1056768K
  class space    used 744K, committed 832K, reserved 1048576K
}
Event: 2.220 GC heap after
{Heap after GC invocations=5 (full 0):
 garbage-first heap   total 262144K, used 82312K [0x0000000701000000, 0x0000000800000000)
  region size 2048K, 2 young (4096K), 2 survivors (4096K)
 Metaspace       used 7236K, committed 7488K, reserved 1056768K
  class space    used 744K, committed 832K, reserved 1048576K
}
Event: 2.518 GC heap before
{Heap before GC invocations=5 (full 0):
 garbage-first heap   total 262144K, used 156040K [0x0000000701000000, 0x0000000800000000)
  region size 2048K, 21 young (43008K), 2 survivors (4096K)
 Metaspace       used 7305K, committed 7552K, reserved 1056768K
  class space    used 744K, committed 832K, reserved 1048576K
}
Event: 2.520 GC heap after
{Heap after GC invocations=6 (full 0):
 garbage-first heap   total 262144K, used 47465K [0x0000000701000000, 0x0000000800000000)
  region size 2048K, 2 young (4096K), 2 survivors (4096K)
 Metaspace       used 7305K, committed 7552K, reserved 1056768K
  class space    used 744K, committed 832K, reserved 1048576K
}
Event: 3.102 GC heap before
{Heap before GC invocations=6 (full 0):
 garbage-first heap   total 262144K, used 186729K [0x0000000701000000, 0x0000000800000000)
  region size 2048K, 36 young (73728K), 2 survivors (4096K)
 Metaspace       used 7312K, committed 7552K, reserved 1056768K
  class space    used 744K, committed 832K, reserved 1048576K
}
Event: 3.105 GC heap after
{Heap after GC invocations=7 (full 0):
 garbage-first heap   total 262144K, used 82262K [0x0000000701000000, 0x0000000800000000)
  region size 2048K, 2 young (4096K), 2 survivors (4096K)
 Metaspace       used 7312K, committed 7552K, reserved 1056768K
  class space    used 744K, committed 832K, reserved 1048576K
}
Event: 3.399 GC heap before
{Heap before GC invocations=7 (full 0):
 garbage-first heap   total 262144K, used 153942K [0x0000000701000000, 0x0000000800000000)
  region size 2048K, 20 young (40960K), 2 survivors (4096K)
 Metaspace       used 7312K, committed 7552K, reserved 1056768K
  class space    used 744K, committed 832K, reserved 1048576K
}
Event: 3.401 GC heap after
{Heap after GC invocations=8 (full 0):
 garbage-first heap   total 262144K, used 47404K [0x0000000701000000, 0x0000000800000000)
  region size 2048K, 2 young (4096K), 2 survivors (4096K)
 Metaspace       used 7312K, committed 7552K, reserved 1056768K
  class space    used 744K, committed 832K, reserved 1048576K
}

Deoptimization events (20 events):
Event: 0.360 Thread 0x000002b4b2ae3c70 DEOPT PACKING pc=0x000002b4963b0e55 sp=0x000000ef079fe5d0
Event: 0.360 Thread 0x000002b4b2ae3c70 DEOPT UNPACKING pc=0x000002b495badece sp=0x000000ef079fdaa8 mode 0
Event: 0.360 Thread 0x000002b4b2ae3c70 DEOPT PACKING pc=0x000002b4963b0e55 sp=0x000000ef079fe5d0
Event: 0.360 Thread 0x000002b4b2ae3c70 DEOPT UNPACKING pc=0x000002b495badece sp=0x000000ef079fdaa8 mode 0
Event: 0.360 Thread 0x000002b4b2ae3c70 DEOPT PACKING pc=0x000002b4963b0e55 sp=0x000000ef079fe5d0
Event: 0.360 Thread 0x000002b4b2ae3c70 DEOPT UNPACKING pc=0x000002b495badece sp=0x000000ef079fdaa8 mode 0
Event: 0.360 Thread 0x000002b4b2ae3c70 DEOPT PACKING pc=0x000002b4963b0e55 sp=0x000000ef079fe5d0
Event: 0.360 Thread 0x000002b4b2ae3c70 DEOPT UNPACKING pc=0x000002b495badece sp=0x000000ef079fdaa8 mode 0
Event: 0.360 Thread 0x000002b4b2ae3c70 DEOPT PACKING pc=0x000002b4963b0e55 sp=0x000000ef079fe5d0
Event: 0.360 Thread 0x000002b4b2ae3c70 DEOPT UNPACKING pc=0x000002b495badece sp=0x000000ef079fdaa8 mode 0
Event: 0.360 Thread 0x000002b4b2ae3c70 DEOPT PACKING pc=0x000002b4963b0e55 sp=0x000000ef079fe5d0
Event: 0.360 Thread 0x000002b4b2ae3c70 DEOPT UNPACKING pc=0x000002b495badece sp=0x000000ef079fdaa8 mode 0
Event: 0.360 Thread 0x000002b4b2ae3c70 DEOPT PACKING pc=0x000002b4963b0e55 sp=0x000000ef079fe5d0
Event: 0.360 Thread 0x000002b4b2ae3c70 DEOPT UNPACKING pc=0x000002b495badece sp=0x000000ef079fdaa8 mode 0
Event: 0.374 Thread 0x000002b4b2ae3c70 Uncommon trap: trap_request=0xffffffe4 fr.pc=0x000002b49d731250 relative=0x0000000000001510
Event: 0.374 Thread 0x000002b4b2ae3c70 Uncommon trap: reason=range_check action=make_not_entrant pc=0x000002b49d731250 method=java.awt.image.DirectColorModel.setFields()V @ 6 c2
Event: 0.374 Thread 0x000002b4b2ae3c70 DEOPT PACKING pc=0x000002b49d731250 sp=0x000000ef079fe600
Event: 0.374 Thread 0x000002b4b2ae3c70 DEOPT UNPACKING pc=0x000002b495bad72e sp=0x000000ef079fe438 mode 2
Event: 2.016 Thread 0x000002b4b2ae3c70 DEOPT PACKING pc=0x000002b4964110a5 sp=0x000000ef079fe650
Event: 2.016 Thread 0x000002b4b2ae3c70 DEOPT UNPACKING pc=0x000002b495badece sp=0x000000ef079fdb48 mode 0

Classes unloaded (0 events):
No events

Classes redefined (0 events):
No events

Internal exceptions (14 events):
Event: 0.054 Thread 0x000002b4b2701f80 Exception <a 'java/lang/NoSuchMethodError'{0x0000000710c7a2d8}: 'java.lang.Object java.lang.invoke.DirectMethodHandle$Holder.invokeStatic(java.lang.Object)'> (0x0000000710c7a2d8) 
thrown [t:\workspace\open\src\hotspot\share\interpreter\linkResolver.cpp, line 790]
Event: 0.055 Thread 0x000002b4b2701f80 Exception <a 'java/lang/NoSuchMethodError'{0x0000000710c7dbe8}: 'java.lang.Object java.lang.invoke.DirectMethodHandle$Holder.invokeStaticInit(java.lang.Object)'> (0x0000000710c7dbe8) 
thrown [t:\workspace\open\src\hotspot\share\interpreter\linkResolver.cpp, line 790]
Event: 0.059 Thread 0x000002b4b2701f80 Exception <a 'java/lang/NoSuchMethodError'{0x0000000710c8b830}: 'void java.lang.invoke.DirectMethodHandle$Holder.invokeStatic(java.lang.Object, java.lang.Object)'> (0x0000000710c8b830) 
thrown [t:\workspace\open\src\hotspot\share\interpreter\linkResolver.cpp, line 790]
Event: 0.063 Thread 0x000002b48e3e0320 Exception <a 'java/lang/ClassNotFoundException'{0x0000000710c28448}: sun/awt/resources/spi/awtProvider> (0x0000000710c28448) 
thrown [t:\workspace\open\src\hotspot\share\classfile\systemDictionary.cpp, line 256]
Event: 0.075 Thread 0x000002b48e3e0320 Exception <a 'java/io/FileNotFoundException'{0x0000000710dd0f90}> (0x0000000710dd0f90) 
thrown [t:\workspace\open\src\hotspot\share\prims\jni.cpp, line 579]
Event: 0.079 Thread 0x000002b48e3e0320 Exception <a 'java/io/FileNotFoundException'{0x0000000710dff878}> (0x0000000710dff878) 
thrown [t:\workspace\open\src\hotspot\share\prims\jni.cpp, line 579]
Event: 0.082 Thread 0x000002b48e3e0320 Exception <a 'java/lang/NoSuchMethodError'{0x0000000710a05b48}: 'void java.lang.invoke.DirectMethodHandle$Holder.invokeSpecial(java.lang.Object, java.lang.Object, java.lang.Object)'> (0x0000000710a05b48) 
thrown [t:\workspace\open\src\hotspot\share\interpreter\linkResolver.cpp, line 790]
Event: 0.241 Thread 0x000002b48e3e0320 Exception <a 'java/lang/NoSuchMethodError'{0x0000000710b58cd0}: 'java.lang.Object java.lang.invoke.DirectMethodHandle$Holder.newInvokeSpecial(java.lang.Object, java.lang.Object, java.lang.Object, java.lang.Object, java.lang.Object)'> (0x0000000710b58cd0) 
thrown [t:\workspace\open\src\hotspot\share\interpreter\linkResolver.cpp, line 790]
Event: 0.242 Thread 0x000002b48e3e0320 Exception <a 'java/lang/NoSuchMethodError'{0x0000000710b647b8}: 'java.lang.Object java.lang.invoke.DirectMethodHandle$Holder.invokeStatic(java.lang.Object, int, java.lang.Object, java.lang.Object, java.lang.Object, java.lang.Object)'> (0x0000000710b647b8) 
thrown [t:\workspace\open\src\hotspot\share\interpreter\linkResolver.cpp, line 790]
Event: 0.244 Thread 0x000002b48e3e0320 Exception <a 'java/lang/NoSuchMethodError'{0x0000000710b8a880}: 'java.lang.Object java.lang.invoke.DirectMethodHandle$Holder.invokeStatic(java.lang.Object, int, java.lang.Object)'> (0x0000000710b8a880) 
thrown [t:\workspace\open\src\hotspot\share\interpreter\linkResolver.cpp, line 790]
Event: 0.263 Thread 0x000002b48e3e0320 Exception <a 'java/lang/ClassNotFoundException'{0x0000000710843058}: com/sun/swing/internal/plaf/metal/resources/spi/metalProvider> (0x0000000710843058) 
thrown [t:\workspace\open\src\hotspot\share\classfile\systemDictionary.cpp, line 256]
Event: 0.264 Thread 0x000002b48e3e0320 Exception <a 'java/lang/ClassNotFoundException'{0x0000000710846e60}: com/sun/swing/internal/plaf/basic/resources/spi/basicProvider> (0x0000000710846e60) 
thrown [t:\workspace\open\src\hotspot\share\classfile\systemDictionary.cpp, line 256]
Event: 0.282 Thread 0x000002b48e3e0320 Exception <a 'java/lang/NoSuchMethodError'{0x00000007108e5100}: 'void java.lang.invoke.DirectMethodHandle$Holder.invokeStaticInit(java.lang.Object)'> (0x00000007108e5100) 
thrown [t:\workspace\open\src\hotspot\share\interpreter\linkResolver.cpp, line 790]
Event: 0.312 Thread 0x000002b4b2ad67c0 Exception <a 'java/lang/NoSuchMethodError'{0x0000000710af1ff0}: 'void java.lang.invoke.DirectMethodHandle$Holder.invokeVirtual(java.lang.Object, java.lang.Object)'> (0x0000000710af1ff0) 
thrown [t:\workspace\open\src\hotspot\share\interpreter\linkResolver.cpp, line 790]

Events (20 events):
Event: 1.042 loading class sun/util/resources/TimeZoneNames done
Event: 1.042 loading class sun/util/resources/TimeZoneNames_en
Event: 1.042 loading class sun/util/resources/TimeZoneNames_en done
Event: 1.331 Executing  VM operation: G1TryInitiateConcMark
Event: 1.333 Executing  VM operation: G1TryInitiateConcMark done
Event: 1.631 Executing  VM operation: G1TryInitiateConcMark
Event: 1.634 Executing  VM operation: G1TryInitiateConcMark done
Event: 2.218 Executing  VM operation: G1TryInitiateConcMark
Event: 2.220 Executing  VM operation: G1TryInitiateConcMark done
Event: 2.324 Thread 0x000002b4b2ae31d0 Thread exited: 0x000002b4b2ae31d0
Event: 2.518 Executing  VM operation: G1TryInitiateConcMark
Event: 2.520 Executing  VM operation: G1TryInitiateConcMark done
Event: 3.102 Executing  VM operation: G1TryInitiateConcMark
Event: 3.105 Executing  VM operation: G1TryInitiateConcMark done
Event: 3.399 Executing  VM operation: G1TryInitiateConcMark
Event: 3.401 Executing  VM operation: G1TryInitiateConcMark done
Event: 3.500 Thread 0x000002b4b26400f0 Thread exited: 0x000002b4b26400f0
Event: 3.793 Thread 0x000002b4b2ae61a0 Thread added: 0x000002b4b2ae61a0
Event: 3.793 Thread 0x000002b4b2ae4710 Thread added: 0x000002b4b2ae4710
Event: 3.793 Thread 0x000002b4b2ae4710 Thread exited: 0x000002b4b2ae4710


Dynamic libraries:
0x00007ff7b8100000 - 0x00007ff7b8110000 	C:\Program Files\Java\jdk-16.0.2\bin\java.exe
0x00007ffb009b0000 - 0x00007ffb00ba8000 	C:\WINDOWS\SYSTEM32\ntdll.dll
0x00007ffaff520000 - 0x00007ffaff5dd000 	C:\WINDOWS\System32\KERNEL32.DLL
0x00007ffafe060000 - 0x00007ffafe356000 	C:\WINDOWS\System32\KERNELBASE.dll
0x00007ffafe830000 - 0x00007ffafe930000 	C:\WINDOWS\System32\ucrtbase.dll
0x00007ffaf9d00000 - 0x00007ffaf9d18000 	C:\Program Files\Java\jdk-16.0.2\bin\jli.dll
0x00007ffaf8200000 - 0x00007ffaf8219000 	C:\Program Files\Java\jdk-16.0.2\bin\VCRUNTIME140.dll
0x00007ffafec90000 - 0x00007ffafed40000 	C:\WINDOWS\System32\ADVAPI32.dll
0x00007ffaffbc0000 - 0x00007ffaffc5e000 	C:\WINDOWS\System32\msvcrt.dll
0x00007ffaff8e0000 - 0x00007ffaff980000 	C:\WINDOWS\System32\sechost.dll
0x00007ffb00840000 - 0x00007ffb00965000 	C:\WINDOWS\System32\RPCRT4.dll
0x00007ffafe360000 - 0x00007ffafe387000 	C:\WINDOWS\System32\bcrypt.dll
0x00007ffaffa20000 - 0x00007ffaffbbe000 	C:\WINDOWS\System32\USER32.dll
0x00007ffafe7b0000 - 0x00007ffafe7d2000 	C:\WINDOWS\System32\win32u.dll
0x00007ffaff9f0000 - 0x00007ffaffa1b000 	C:\WINDOWS\System32\GDI32.dll
0x00007ffaed8d0000 - 0x00007ffaedb6a000 	C:\WINDOWS\WinSxS\amd64_microsoft.windows.common-controls_6595b64144ccf1df_6.0.19041.3636_none_60b6a03d71f818d5\COMCTL32.dll
0x00007ffafe690000 - 0x00007ffafe7a7000 	C:\WINDOWS\System32\gdi32full.dll
0x00007ffafe420000 - 0x00007ffafe4bd000 	C:\WINDOWS\System32\msvcp_win.dll
0x00007ffaf80a0000 - 0x00007ffaf80aa000 	C:\WINDOWS\SYSTEM32\VERSION.dll
0x00007ffaff5e0000 - 0x00007ffaff612000 	C:\WINDOWS\System32\IMM32.DLL
0x00007ffafb830000 - 0x00007ffafb83c000 	C:\Program Files\Java\jdk-16.0.2\bin\vcruntime140_1.dll
0x00007ffaf0710000 - 0x00007ffaf07a1000 	C:\Program Files\Java\jdk-16.0.2\bin\msvcp140.dll
0x00007ffa9ca30000 - 0x00007ffa9d5db000 	C:\Program Files\Java\jdk-16.0.2\bin\server\jvm.dll
0x00007ffafeb90000 - 0x00007ffafeb98000 	C:\WINDOWS\System32\PSAPI.DLL
0x00007ffaf9c50000 - 0x00007ffaf9c59000 	C:\WINDOWS\SYSTEM32\WSOCK32.dll
0x00007ffaff750000 - 0x00007ffaff7bb000 	C:\WINDOWS\System32\WS2_32.dll
0x00007ffaf0d60000 - 0x00007ffaf0d87000 	C:\WINDOWS\SYSTEM32\WINMM.dll
0x00007ffafbf30000 - 0x00007ffafbf42000 	C:\WINDOWS\SYSTEM32\kernel.appcore.dll
0x00007ffafb770000 - 0x00007ffafb77a000 	C:\Program Files\Java\jdk-16.0.2\bin\jimage.dll
0x00007ffaef4f0000 - 0x00007ffaef6d4000 	C:\WINDOWS\SYSTEM32\DBGHELP.DLL
0x00007ffae3cc0000 - 0x00007ffae3cf4000 	C:\WINDOWS\SYSTEM32\dbgcore.DLL
0x00007ffafe390000 - 0x00007ffafe412000 	C:\WINDOWS\System32\bcryptPrimitives.dll
0x00007ffaf9c60000 - 0x00007ffaf9c6e000 	C:\Program Files\Java\jdk-16.0.2\bin\instrument.dll
0x00007ffaf81d0000 - 0x00007ffaf81f5000 	C:\Program Files\Java\jdk-16.0.2\bin\java.dll
0x00007ffaffc60000 - 0x00007ffb003cb000 	C:\WINDOWS\System32\SHELL32.dll
0x00007ffafc130000 - 0x00007ffafc8ce000 	C:\WINDOWS\SYSTEM32\windows.storage.dll
0x00007ffafeea0000 - 0x00007ffaff1f3000 	C:\WINDOWS\System32\combase.dll
0x00007ffafda90000 - 0x00007ffafdabe000 	C:\WINDOWS\SYSTEM32\Wldp.dll
0x00007ffaff200000 - 0x00007ffaff2cd000 	C:\WINDOWS\System32\OLEAUT32.dll
0x00007ffaff380000 - 0x00007ffaff42d000 	C:\WINDOWS\System32\SHCORE.dll
0x00007ffaff990000 - 0x00007ffaff9e5000 	C:\WINDOWS\System32\shlwapi.dll
0x00007ffafdf90000 - 0x00007ffafdfb5000 	C:\WINDOWS\SYSTEM32\profapi.dll
0x00007ffaf0a40000 - 0x00007ffaf0a58000 	C:\Program Files\Java\jdk-16.0.2\bin\zip.dll
0x00007ffaf0a80000 - 0x00007ffaf0a99000 	C:\Program Files\Java\jdk-16.0.2\bin\net.dll
0x00007ffaf74f0000 - 0x00007ffaf75fa000 	C:\WINDOWS\SYSTEM32\WINHTTP.dll
0x00007ffafd780000 - 0x00007ffafd7ea000 	C:\WINDOWS\system32\mswsock.dll
0x00007ffaf0a60000 - 0x00007ffaf0a73000 	C:\Program Files\Java\jdk-16.0.2\bin\nio.dll
0x00007ffaf0a20000 - 0x00007ffaf0a3a000 	C:\Program Files\JetBrains\IntelliJ IDEA Community Edition 2023.2.4\bin\breakgen64.dll
0x00007ffabdbc0000 - 0x00007ffabdd40000 	C:\Program Files\Java\jdk-16.0.2\bin\awt.dll
0x00007ffafb880000 - 0x00007ffafb910000 	C:\WINDOWS\SYSTEM32\apphelp.dll
0x00007ffafbc40000 - 0x00007ffafbc6f000 	C:\WINDOWS\system32\DWMAPI.DLL
0x00007ffafba40000 - 0x00007ffafbade000 	C:\WINDOWS\system32\uxtheme.dll
0x00007ffabe8f0000 - 0x00007ffabea15000 	C:\WINDOWS\system32\opengl32.dll
0x00007ffaeff40000 - 0x00007ffaeff6c000 	C:\WINDOWS\SYSTEM32\GLU32.dll
0x00007ffaff7c0000 - 0x00007ffaff8d5000 	C:\WINDOWS\System32\MSCTF.dll
0x00007ffaff620000 - 0x00007ffaff74b000 	C:\WINDOWS\System32\ole32.dll
0x00007ffafdc20000 - 0x00007ffafdc32000 	C:\WINDOWS\SYSTEM32\msasn1.dll
0x00007ffaf6a70000 - 0x00007ffaf6aa1000 	C:\WINDOWS\SYSTEM32\cryptnet.dll
0x00007ffafe530000 - 0x00007ffafe68d000 	C:\WINDOWS\System32\CRYPT32.dll
0x00007ffaf6920000 - 0x00007ffaf6a68000 	C:\WINDOWS\SYSTEM32\drvstore.dll
0x00007ffafde10000 - 0x00007ffafde43000 	C:\WINDOWS\SYSTEM32\devobj.dll
0x00007ffafe7e0000 - 0x00007ffafe82e000 	C:\WINDOWS\System32\cfgmgr32.dll
0x00007ffafda00000 - 0x00007ffafda0c000 	C:\WINDOWS\SYSTEM32\cryptbase.dll
0x00007ffafe4c0000 - 0x00007ffafe527000 	C:\WINDOWS\System32\wintrust.dll
0x00007ffafee80000 - 0x00007ffafee9d000 	C:\WINDOWS\System32\imagehlp.dll
0x00007ffafd9e0000 - 0x00007ffafd9f8000 	C:\WINDOWS\SYSTEM32\CRYPTSP.dll
0x00007ffafd050000 - 0x00007ffafd084000 	C:\WINDOWS\system32\rsaenh.dll
0x00007ffafc8e0000 - 0x00007ffafc903000 	C:\WINDOWS\SYSTEM32\gpapi.dll
0x00007ffaf58f0000 - 0x00007ffaf592b000 	C:\WINDOWS\SYSTEM32\dxcore.dll
0x00007ffaebff0000 - 0x00007ffaec079000 	C:\Program Files\Java\jdk-16.0.2\bin\freetype.dll
0x00007ffad18e0000 - 0x00007ffad19d6000 	C:\Program Files\Java\jdk-16.0.2\bin\harfbuzz.dll
0x00007ffaf06f0000 - 0x00007ffaf0702000 	C:\Program Files\Java\jdk-16.0.2\bin\fontmanager.dll
0x00007ffae13f0000 - 0x00007ffae14e9000 	C:\WINDOWS\SYSTEM32\textinputframework.dll
0x00007ffafb200000 - 0x00007ffafb55b000 	C:\WINDOWS\System32\CoreUIComponents.dll
0x00007ffafb560000 - 0x00007ffafb652000 	C:\WINDOWS\System32\CoreMessaging.dll
0x00007ffafd170000 - 0x00007ffafd1a3000 	C:\WINDOWS\SYSTEM32\ntmarta.dll
0x00007ffaf9ea0000 - 0x00007ffaf9ff5000 	C:\WINDOWS\SYSTEM32\wintypes.dll

dbghelp: loaded successfully - version: 4.0.5 - missing functions: none
symbol engine: initialized successfully - sym options: 0x614 - pdb path: .;C:\Program Files\Java\jdk-16.0.2\bin;C:\WINDOWS\SYSTEM32;C:\WINDOWS\WinSxS\amd64_microsoft.windows.common-controls_6595b64144ccf1df_6.0.19041.3636_none_60b6a03d71f818d5;C:\Program Files\Java\jdk-16.0.2\bin\server;C:\Program Files\JetBrains\IntelliJ IDEA Community Edition 2023.2.4\bin;C:\WINDOWS\System32\DriverStore\FileRepository\nv_dispig.inf_amd64_7e5fd280efaa5445

VM Arguments:
jvm_args: -javaagent:C:\Program Files\JetBrains\IntelliJ IDEA Community Edition 2023.2.4\lib\idea_rt.jar=56417:C:\Program Files\JetBrains\IntelliJ IDEA Community Edition 2023.2.4\bin -Dfile.encoding=UTF-8 
java_command: fsteel.main.Main
java_class_path (initial): D:\2020-\Aktuelle_Projekte\FelixJava\FelixSteelToughTest\out\production\FelixSteelToughTest
Launcher Type: SUN_STANDARD

[Global flags]
     intx CICompilerCount                          = 12                                        {product} {ergonomic}
     uint ConcGCThreads                            = 3                                         {product} {ergonomic}
     uint G1ConcRefinementThreads                  = 13                                        {product} {ergonomic}
   size_t G1HeapRegionSize                         = 2097152                                   {product} {ergonomic}
    uintx GCDrainStackTargetSize                   = 64                                        {product} {ergonomic}
   size_t InitialHeapSize                          = 268435456                                 {product} {ergonomic}
   size_t MarkStackSize                            = 4194304                                   {product} {ergonomic}
   size_t MaxHeapSize                              = 4278190080                                {product} {ergonomic}
   size_t MaxNewSize                               = 2566914048                                {product} {ergonomic}
   size_t MinHeapDeltaBytes                        = 2097152                                   {product} {ergonomic}
   size_t MinHeapSize                              = 8388608                                   {product} {ergonomic}
    uintx NonNMethodCodeHeapSize                   = 7602480                                {pd product} {ergonomic}
    uintx NonProfiledCodeHeapSize                  = 122027880                              {pd product} {ergonomic}
    uintx ProfiledCodeHeapSize                     = 122027880                              {pd product} {ergonomic}
    uintx ReservedCodeCacheSize                    = 251658240                              {pd product} {ergonomic}
     bool SegmentedCodeCache                       = true                                      {product} {ergonomic}
   size_t SoftMaxHeapSize                          = 4278190080                             {manageable} {ergonomic}
     bool UseCompressedClassPointers               = true                           {product lp64_product} {ergonomic}
     bool UseCompressedOops                        = true                           {product lp64_product} {ergonomic}
     bool UseG1GC                                  = true                                      {product} {ergonomic}
     bool UseLargePagesIndividualAllocation        = false                                  {pd product} {ergonomic}

Logging:
Log output configuration:
 #0: stdout all=warning uptime,level,tags
 #1: stderr all=off uptime,level,tags

Environment Variables:
JAVA_HOME=C:\Program Files\Java\jdk-16.0.2
PATH=C:\Program Files\Microsoft\jdk-11.0.16.101-hotspot\bin;C:\Program Files (x86)\Common Files\Oracle\Java\javapath;C:\Windows\system32;C:\Windows;C:\Windows\System32\Wbem;C:\Windows\System32\WindowsPowerShell\v1.0\;C:\Windows\System32\OpenSSH\;C:\Program Files (x86)\NVIDIA Corporation\PhysX\Common;C:\WINDOWS\system32;C:\WINDOWS;C:\WINDOWS\System32\Wbem;C:\WINDOWS\System32\WindowsPowerShell\v1.0\;C:\WINDOWS\System32\OpenSSH\;C:\Program Files\Java\jdk-16.0.2\bin;C:\Program Files\Git\cmd;C:\Program Files\dotnet\;C:\Program Files (x86)\Windows Kits\10\Windows Performance Toolkit\;C:\Users\Christoph\AppData\Local\Microsoft\WindowsApps;C:\Users\Christoph\AppData\Local\GitHubDesktop\bin
USERNAME=Christoph
OS=Windows_NT
PROCESSOR_IDENTIFIER=Intel64 Family 6 Model 158 Stepping 12, GenuineIntel



---------------  S Y S T E M  ---------------

OS:
 Windows 10 , 64 bit Build 19041 (10.0.19041.3636)
OS uptime: 2 days 22:18 hours

CPU: total 16 (initial active 16) (8 cores per cpu, 2 threads per core) family 6 model 158 stepping 12 microcode 0xae, cx8, cmov, fxsr, ht, mmx, 3dnowpref, sse, sse2, sse3, ssse3, sse4.1, sse4.2, popcnt, lzcnt, tsc, tscinvbit, avx, avx2, aes, erms, clmul, bmi1, bmi2, rtm, adx, fma, vzeroupper, clflush, clflushopt

Memory: 4k page, system-wide physical 16318M (10144M free)
TotalPageFile size 18750M (AvailPageFile size 9123M)
current process WorkingSet (physical memory assigned to process): 249M, peak: 259M
current process commit charge ("private bytes"): 381M, peak: 392M

vm_info: Java HotSpot(TM) 64-Bit Server VM (16.0.2+7-67) for windows-amd64 JRE (16.0.2+7-67), built on Jun  8 2021 23:24:19 by "mach5one" with MS VC++ 16.7 (VS2019)

END.
